0 info it worked if it ends with ok
1 verbose cli [ '/usr/local/Cellar/node/0.10.18/bin/node',
1 verbose cli   '/usr/local/bin/npm',
1 verbose cli   'install',
1 verbose cli   'autoless',
1 verbose cli   '-g' ]
2 info using npm@1.3.8
3 info using node@v0.10.18
4 verbose cache add [ 'autoless', null ]
5 verbose cache add name=undefined spec="autoless" args=["autoless",null]
6 verbose parsed url { protocol: null,
6 verbose parsed url   slashes: null,
6 verbose parsed url   auth: null,
6 verbose parsed url   host: null,
6 verbose parsed url   port: null,
6 verbose parsed url   hostname: null,
6 verbose parsed url   hash: null,
6 verbose parsed url   search: null,
6 verbose parsed url   query: null,
6 verbose parsed url   pathname: 'autoless',
6 verbose parsed url   path: 'autoless',
6 verbose parsed url   href: 'autoless' }
7 silly lockFile 230083c9-autoless autoless
8 verbose lock autoless /Users/awalker/.npm/230083c9-autoless.lock
9 silly lockFile 230083c9-autoless autoless
10 silly lockFile 230083c9-autoless autoless
11 verbose addNamed [ 'autoless', '' ]
12 verbose addNamed [ null, '*' ]
13 silly lockFile 2d18b175-autoless autoless@
14 verbose lock autoless@ /Users/awalker/.npm/2d18b175-autoless.lock
15 silly addNameRange { name: 'autoless', range: '*', hasData: false }
16 verbose url raw autoless
17 verbose url resolving [ 'https://registry.npmjs.org/', './autoless' ]
18 verbose url resolved https://registry.npmjs.org/autoless
19 info trying registry request attempt 1 at 20:38:36
20 http GET https://registry.npmjs.org/autoless
21 info retry will retry, error on last attempt: Error: SELF_SIGNED_CERT_IN_CHAIN
22 info trying registry request attempt 2 at 20:38:46
23 http GET https://registry.npmjs.org/autoless
24 info retry will retry, error on last attempt: Error: SELF_SIGNED_CERT_IN_CHAIN
25 info trying registry request attempt 3 at 20:39:47
26 http GET https://registry.npmjs.org/autoless
27 silly lockFile 2d18b175-autoless autoless@
28 silly lockFile 2d18b175-autoless autoless@
29 error Error: SELF_SIGNED_CERT_IN_CHAIN
29 error     at SecurePair.<anonymous> (tls.js:1357:32)
29 error     at SecurePair.EventEmitter.emit (events.js:92:17)
29 error     at SecurePair.maybeInitFinished (tls.js:970:10)
29 error     at CleartextStream.read [as _read] (tls.js:463:15)
29 error     at CleartextStream.Readable.read (_stream_readable.js:320:10)
29 error     at EncryptedStream.write [as _write] (tls.js:366:25)
29 error     at doWrite (_stream_writable.js:221:10)
29 error     at writeOrBuffer (_stream_writable.js:211:5)
29 error     at EncryptedStream.Writable.write (_stream_writable.js:180:11)
29 error     at write (_stream_readable.js:583:24)
30 error If you need help, you may report this log at:
30 error     <http://github.com/isaacs/npm/issues>
30 error or email it to:
30 error     <npm-@googlegroups.com>
31 error System Darwin 13.0.0
32 error command "/usr/local/Cellar/node/0.10.18/bin/node" "/usr/local/bin/npm" "install" "autoless" "-g"
33 error cwd /Users/awalker/Sites/powerfulwizard.net
34 error node -v v0.10.18
35 error npm -v 1.3.8
36 verbose exit [ 1, true ]
